<?xml version="1.0" encoding="UTF-8"?>
<!-- Generated by org.testng.reporters.JUnitXMLReporter -->
<testsuite ignored="0" hostname="SV-19-SE-005-O" failures="0" tests="3" name="Validate Login Page Test" time="19.325" errors="0" timestamp="2023-01-12T01:18:09 IST">
  <testcase classname="com.qa.eaglvu.tests.LoginPageTest" name="loginPageOfEaglvu" time="0.077"/>
  <testcase classname="com.qa.eaglvu.tests.LoginPageTest" name="loginPageURLTest" time="0.018"/>
  <testcase classname="com.qa.eaglvu.tests.LoginPageTest" name="loginTest" time="12.641"/>
</testsuite> <!-- Validate Login Page Test -->
