<?xml version="1.0" encoding="UTF-8"?>
<!-- Generated by org.testng.reporters.JUnitXMLReporter -->
<testsuite ignored="0" hostname="SV-19-SE-005-O" failures="0" tests="3" name="Default test" time="19.261" errors="0" timestamp="2023-02-06T12:54:35 IST">
  <testcase classname="com.qa.eaglvu.tests.LoginPageTest" name="loginPageOfEaglvu" time="0.125"/>
  <testcase classname="com.qa.eaglvu.tests.LoginPageTest" name="loginPageURLTest" time="0.023"/>
  <testcase classname="com.qa.eaglvu.tests.LoginPageTest" name="loginTest" time="11.55"/>
</testsuite> <!-- Default test -->
